<?xml version="1.0" encoding="UTF-8"?>
<testng-results skipped="0" failed="0" total="1" passed="1">
  <reporter-output>
  </reporter-output>
  <suite name="Everjobs Suite" duration-ms="16193" started-at="2018-09-26T14:57:57Z" finished-at="2018-09-26T14:58:14Z">
    <groups>
    </groups>
    <test name="ChromeTest" duration-ms="16193" started-at="2018-09-26T14:57:57Z" finished-at="2018-09-26T14:58:14Z">
      <class name="Tests.HomePageTest">
        <test-method status="PASS" signature="setup(java.lang.String)[pri:0, instance:Tests.HomePageTest@4cc0edeb]" name="setup" is-config="true" duration-ms="15359" started-at="2018-09-26T20:27:57Z" finished-at="2018-09-26T20:28:13Z">
          <params>
            <param index="0">
              <value>
                <![CDATA[Chrome]]>
              </value>
            </param>
          </params>
          <reporter-output>
          </reporter-output>
        </test-method> <!-- setup -->
        <test-method status="PASS" signature="link()[pri:0, instance:Tests.HomePageTest@4cc0edeb]" name="link" duration-ms="804" started-at="2018-09-26T20:28:13Z" finished-at="2018-09-26T20:28:14Z">
          <reporter-output>
          </reporter-output>
        </test-method> <!-- link -->
      </class> <!-- Tests.HomePageTest -->
    </test> <!-- ChromeTest -->
  </suite> <!-- Everjobs Suite -->
</testng-results>
